<?xml version="1.0" encoding="UTF-8" ?>
<testsuites disabled="0" errors="0" failures="0" tests="7" time="5.742">
 <testsuite name="Unit Tests" timestamp="2018-04-24T10:39:18" hostname="localhost" time="0.663" errors="0" tests="3" skipped="0" disabled="0" failures="0">
  <testcase classname="Unit Tests" name="should have a title" time="0.655" />
  <testcase classname="Unit Tests" name="accepts employee 1 personal details" time="0.003" />
  <testcase classname="Unit Tests" name="accepts employee 1 address details" time="0.003" />
 </testsuite>
 <testsuite name="Calculator App" timestamp="2018-04-24T10:39:19" hostname="localhost" time="5.079" errors="0" tests="4" skipped="0" disabled="0" failures="0">
  <testcase classname="Calculator App" name="should have a title" time="0.186" />
  <testcase classname="Calculator App" name="should add one and two" time="2.378" />
  <testcase classname="Calculator App" name="should add four and six" time="2.208" />
  <testcase classname="Calculator App" name="should read the value from an input" time="0.307" />
 </testsuite>
</testsuites>